[{"index": 0, "opcode": "jmp", "value": 48, "is_indirect": false},
 {"index": 1, "opcode": "nop", "value": 92, "is_indirect": false},
 {"index": 10, "opcode": "nop", "value": 18, "is_indirect": false},
 {"index": 11, "opcode": "nop", "value": 87, "is_indirect": false},
 {"index": 12, "opcode": "nop", "value": 104, "is_indirect": false},
 {"index": 13, "opcode": "nop", "value": 97, "is_indirect": false},
 {"index": 14, "opcode": "nop", "value": 116, "is_indirect": false},
 {"index": 15, "opcode": "nop", "value": 32, "is_indirect": false},
 {"index": 16, "opcode": "nop", "value": 105, "is_indirect": false},
 {"index": 17, "opcode": "nop", "value": 115, "is_indirect": false},
 {"index": 18, "opcode": "nop", "value": 32, "is_indirect": false},
 {"index": 19, "opcode": "nop", "value": 121, "is_indirect": false},
 {"index": 20, "opcode": "nop", "value": 111, "is_indirect": false},
 {"index": 21, "opcode": "nop", "value": 117, "is_indirect": false},
 {"index": 22, "opcode": "nop", "value": 114, "is_indirect": false},
 {"index": 23, "opcode": "nop", "value": 32, "is_indirect": false},
 {"index": 24, "opcode": "nop", "value": 110, "is_indirect": false},
 {"index": 25, "opcode": "nop", "value": 97, "is_indirect": false},
 {"index": 26, "opcode": "nop", "value": 109, "is_indirect": false},
 {"index": 27, "opcode": "nop", "value": 101, "is_indirect": false},
 {"index": 28, "opcode": "nop", "value": 63, "is_indirect": false},
 {"index": 29, "opcode": "nop", "value": 10, "is_indirect": false},
 {"index": 30, "opcode": "nop", "value": 7, "is_indirect": false},
 {"index": 31, "opcode": "nop", "value": 72, "is_indirect": false},
 {"index": 32, "opcode": "nop", "value": 101, "is_indirect": false},
 {"index": 33, "opcode": "nop", "value": 108, "is_indirect": false},
 {"index": 34, "opcode": "nop", "value": 108, "is_indirect": false},
 {"index": 35, "opcode": "nop", "value": 111, "is_indirect": false},
 {"index": 36, "opcode": "nop", "value": 44, "is_indirect": false},
 {"index": 37, "opcode": "nop", "value": 32, "is_indirect": false},
 {"index": 38, "opcode": "nop", "value": 30, "is_indirect": false},
 {"index": 39, "opcode": "nop", "value": 1, "is_indirect": false},
 {"index": 40, "opcode": "nop", "value": 33, "is_indirect": false},
 {"index": 41, "opcode": "nop", "value": 39, "is_indirect": false},
 {"index": 42, "opcode": "nop", "value": 0, "is_indirect": false},
 {"index": 43, "opcode": "nop", "value": 0, "is_indirect": false},
 {"index": 44, "opcode": "nop", "value": 1, "is_indirect": false},
 {"index": 45, "opcode": "nop", "value": 0, "is_indirect": false},
 {"index": 46, "opcode": "nop", "value": 10, "is_indirect": false},
 {"index": 47, "opcode": "nop", "value": 0, "is_indirect": false},
 {"index": 48, "opcode": "load", "value": 10, "is_indirect": false},
 {"index": 49, "opcode": "store", "value": 42, "is_indirect": false},
 {"index": 50, "opcode": "load", "value": 29, "is_indirect": false},
 {"index": 51, "opcode": "inc", "value": 0, "is_indirect": false},
 {"index": 52, "opcode": "store", "value": 29, "is_indirect": false},
 {"index": 53, "opcode": "load", "value": 29, "is_indirect": true},
 {"index": 54, "opcode": "out", "value": 44, "is_indirect": false},
 {"index": 55, "opcode": "load", "value": 42, "is_indirect": false},
 {"index": 56, "opcode": "dec", "value": 0, "is_indirect": false},
 {"index": 57, "opcode": "store", "value": 42, "is_indirect": false},
 {"index": 58, "opcode": "jnz", "value": 50, "is_indirect": false},
 {"index": 59, "opcode": "ei", "value": 0, "is_indirect": false},
 {"index": 60, "opcode": "load", "value": 45, "is_indirect": false},
 {"index": 61, "opcode": "jz", "value": 60, "is_indirect": false},
 {"index": 62, "opcode": "di", "value": 0, "is_indirect": false},
 {"index": 63, "opcode": "load", "value": 30, "is_indirect": false},
 {"index": 64, "opcode": "store", "value": 42, "is_indirect": false},
 {"index": 65, "opcode": "load", "value": 38, "is_indirect": false},
 {"index": 66, "opcode": "inc", "value": 0, "is_indirect": false},
 {"index": 67, "opcode": "store", "value": 38, "is_indirect": false},
 {"index": 68, "opcode": "load", "value": 38, "is_indirect": true},
 {"index": 69, "opcode": "out", "value": 44, "is_indirect": false},
 {"index": 70, "opcode": "load", "value": 42, "is_indirect": false},
 {"index": 71, "opcode": "dec", "value": 0, "is_indirect": false},
 {"index": 72, "opcode": "store", "value": 42, "is_indirect": false},
 {"index": 73, "opcode": "jnz", "value": 65, "is_indirect": false},
 {"index": 74, "opcode": "load", "value": 107, "is_indirect": false},
 {"index": 75, "opcode": "dec", "value": 0, "is_indirect": false},
 {"index": 76, "opcode": "store", "value": 42, "is_indirect": false},
 {"index": 77, "opcode": "load", "value": 109, "is_indirect": true},
 {"index": 78, "opcode": "out", "value": 44, "is_indirect": false},
 {"index": 79, "opcode": "load", "value": 109, "is_indirect": false},
 {"index": 80, "opcode": "inc", "value": 0, "is_indirect": false},
 {"index": 81, "opcode": "store", "value": 109, "is_indirect": false},
 {"index": 82, "opcode": "load", "value": 42, "is_indirect": false},
 {"index": 83, "opcode": "dec", "value": 0, "is_indirect": false},
 {"index": 84, "opcode": "store", "value": 42, "is_indirect": false},
 {"index": 85, "opcode": "jnz", "value": 77, "is_indirect": false},
 {"index": 86, "opcode": "load", "value": 41, "is_indirect": false},
 {"index": 87, "opcode": "inc", "value": 0, "is_indirect": false},
 {"index": 88, "opcode": "store", "value": 41, "is_indirect": false},
 {"index": 89, "opcode": "load", "value": 41, "is_indirect": true},
 {"index": 90, "opcode": "out", "value": 44, "is_indirect": false},
 {"index": 91, "opcode": "halt", "value": 0, "is_indirect": false},
 {"index": 92, "opcode": "di", "value": 0, "is_indirect": false},
 {"index": 93, "opcode": "in", "value": 43, "is_indirect": false},
 {"index": 94, "opcode": "cmp", "value": 46, "is_indirect": false},
 {"index": 95, "opcode": "jnz", "value": 99, "is_indirect": false},
 {"index": 96, "opcode": "load", "value": 45, "is_indirect": false},
 {"index": 97, "opcode": "inc", "value": 0, "is_indirect": false},
 {"index": 98, "opcode": "store", "value": 45, "is_indirect": false},
 {"index": 99, "opcode": "store", "value": 108, "is_indirect": true},
 {"index": 100, "opcode": "load", "value": 108, "is_indirect": false},
 {"index": 101, "opcode": "inc", "value": 0, "is_indirect": false},
 {"index": 102, "opcode": "store", "value": 108, "is_indirect": false},
 {"index": 103, "opcode": "load", "value": 107, "is_indirect": false},
 {"index": 104, "opcode": "inc", "value": 0, "is_indirect": false},
 {"index": 105, "opcode": "store", "value": 107, "is_indirect": false},
 {"index": 106, "opcode": "iret", "value": 0, "is_indirect": false},
 {"index": 107, "opcode": "nop", "value": 0, "is_indirect": false},
 {"index": 108, "opcode": "nop", "value": 110, "is_indirect": false},
 {"index": 109, "opcode": "nop", "value": 110, "is_indirect": false},
 {"index": 110, "opcode": "nop", "value": 0, "is_indirect": false}]