[{"index": 0, "opcode": "jmp", "value": 27, "is_indirect": false},
 {"index": 10, "opcode": "nop", "value": 13, "is_indirect": false},
 {"index": 11, "opcode": "nop", "value": 72, "is_indirect": false},
 {"index": 12, "opcode": "nop", "value": 101, "is_indirect": false},
 {"index": 13, "opcode": "nop", "value": 108, "is_indirect": false},
 {"index": 14, "opcode": "nop", "value": 108, "is_indirect": false},
 {"index": 15, "opcode": "nop", "value": 111, "is_indirect": false},
 {"index": 16, "opcode": "nop", "value": 44, "is_indirect": false},
 {"index": 17, "opcode": "nop", "value": 32, "is_indirect": false},
 {"index": 18, "opcode": "nop", "value": 87, "is_indirect": false},
 {"index": 19, "opcode": "nop", "value": 111, "is_indirect": false},
 {"index": 20, "opcode": "nop", "value": 114, "is_indirect": false},
 {"index": 21, "opcode": "nop", "value": 108, "is_indirect": false},
 {"index": 22, "opcode": "nop", "value": 100, "is_indirect": false},
 {"index": 23, "opcode": "nop", "value": 33, "is_indirect": false},
 {"index": 24, "opcode": "nop", "value": 10, "is_indirect": false},
 {"index": 25, "opcode": "nop", "value": 0, "is_indirect": false},
 {"index": 26, "opcode": "nop", "value": 1, "is_indirect": false},
 {"index": 27, "opcode": "load", "value": 10, "is_indirect": false},
 {"index": 28, "opcode": "store", "value": 25, "is_indirect": false},
 {"index": 29, "opcode": "load", "value": 24, "is_indirect": false},
 {"index": 30, "opcode": "inc", "value": 0, "is_indirect": false},
 {"index": 31, "opcode": "store", "value": 24, "is_indirect": false},
 {"index": 32, "opcode": "load", "value": 24, "is_indirect": true},
 {"index": 33, "opcode": "out", "value": 26, "is_indirect": false},
 {"index": 34, "opcode": "load", "value": 25, "is_indirect": false},
 {"index": 35, "opcode": "dec", "value": 0, "is_indirect": false},
 {"index": 36, "opcode": "store", "value": 25, "is_indirect": false},
 {"index": 37, "opcode": "jnz", "value": 29, "is_indirect": false},
 {"index": 38, "opcode": "halt", "value": 0, "is_indirect": false}]