[{"index": 0, "opcode": "jmp", "value": 17, "is_indirect": false},
 {"index": 10, "opcode": "nop", "value": 4000000, "is_indirect": false},
 {"index": 11, "opcode": "nop", "value": 1, "is_indirect": false},
 {"index": 12, "opcode": "nop", "value": 1, "is_indirect": false},
 {"index": 13, "opcode": "nop", "value": 2, "is_indirect": false},
 {"index": 14, "opcode": "nop", "value": 0, "is_indirect": false},
 {"index": 15, "opcode": "nop", "value": 0, "is_indirect": false},
 {"index": 16, "opcode": "nop", "value": 1, "is_indirect": false},
 {"index": 17, "opcode": "load", "value": 13, "is_indirect": false},
 {"index": 18, "opcode": "cmp", "value": 10, "is_indirect": false},
 {"index": 19, "opcode": "jg", "value": 32, "is_indirect": false},
 {"index": 20, "opcode": "test", "value": 11, "is_indirect": false},
 {"index": 21, "opcode": "jnz", "value": 25, "is_indirect": false},
 {"index": 22, "opcode": "load", "value": 15, "is_indirect": false},
 {"index": 23, "opcode": "add", "value": 13, "is_indirect": false},
 {"index": 24, "opcode": "store", "value": 15, "is_indirect": false},
 {"index": 25, "opcode": "load", "value": 13, "is_indirect": false},
 {"index": 26, "opcode": "store", "value": 14, "is_indirect": false},
 {"index": 27, "opcode": "add", "value": 12, "is_indirect": false},
 {"index": 28, "opcode": "store", "value": 13, "is_indirect": false},
 {"index": 29, "opcode": "load", "value": 14, "is_indirect": false},
 {"index": 30, "opcode": "store", "value": 12, "is_indirect": false},
 {"index": 31, "opcode": "jmp", "value": 17, "is_indirect": false},
 {"index": 32, "opcode": "load", "value": 10, "is_indirect": false},
 {"index": 33, "opcode": "out", "value": 16, "is_indirect": false},
 {"index": 34, "opcode": "halt", "value": 0, "is_indirect": false}]